2022-12-04 02:17:10 +0000: Memory Usage (565164K) : Starting running GF180MCU Klayout DRC runset on /home/storage/programs/chip_making/space_shuttle_gf_node/gds/user_project_wrapper.gds
2022-12-04 02:17:10 +0000: Memory Usage (565164K) : Ruby Version for klayout: 2.7.4
2022-12-04 02:17:13 +0000: Memory Usage (937832K) : Loading database to memory is complete.
2022-12-04 02:17:13 +0000: Memory Usage (937832K) : GF180MCU Klayout DRC runset output at: /home/storage/programs/chip_making/space_shuttle_gf_node/precheck_results/03_DEC_2022___21_44_27/outputs/reports/klayout_offgrid_check.xml
2022-12-04 02:17:13 +0000: Memory Usage (937832K) : Number of threads to use 4
2022-12-04 02:17:13 +0000: Memory Usage (937832K) : flat  mode is enabled.
2022-12-04 02:17:13 +0000: Memory Usage (937832K) : Read in polygons from layers.
2022-12-04 02:18:48 +0000: Memory Usage (2321264K) : Starting deriving base layers.
2022-12-04 02:19:44 +0000: Memory Usage (3539136K) : Evaluate switches.
2022-12-04 02:19:44 +0000: Memory Usage (3539136K) : FEOL is disabled.
2022-12-04 02:19:44 +0000: Memory Usage (3539136K) : BEOL is disabled.
2022-12-04 02:19:44 +0000: Memory Usage (3539136K) : connectivity rules are enabled.
2022-12-04 02:19:44 +0000: Memory Usage (3539136K) : METAL_TOP Selected is 9K
2022-12-04 02:19:44 +0000: Memory Usage (3539136K) : METAL_STACK Selected is 5LM
2022-12-04 02:19:44 +0000: Memory Usage (3539136K) : Wedge enabled  true
2022-12-04 02:19:44 +0000: Memory Usage (3539136K) : Ball enabled  true
2022-12-04 02:19:44 +0000: Memory Usage (3539136K) : Gold enabled  true
2022-12-04 02:19:44 +0000: Memory Usage (3539136K) : MIM Option selected B
/home/storage/programs/chip_making/space_shuttle_gf_node/dependencies/mpw_precheck/checks/tech-files/gf180mcuC_mr.drc:543: warning: already initialized constant DRC::DRCEngine::OFFGRID
/home/storage/programs/chip_making/space_shuttle_gf_node/dependencies/mpw_precheck/checks/tech-files/gf180mcuC_mr.drc:463: warning: previous definition of OFFGRID was here
2022-12-04 02:19:44 +0000: Memory Usage (3539136K) : Offgrid enabled  true
2022-12-04 02:19:44 +0000: Memory Usage (3539136K) : Connectivity rules enabled, Netlist object will be generated.
2022-12-04 02:19:44 +0000: Memory Usage (3539136K) : Total area of the design is 8997120.228799999 um^2.
2022-12-04 02:19:44 +0000: Memory Usage (3539136K) : Total no. of polygons in the design is 10256483
2022-12-04 02:19:44 +0000: Memory Usage (3539136K) : Initialization and base layers definition.
2022-12-04 02:19:44 +0000: Memory Usage (3539136K) : Starting GF180MCU DRC rules.
2022-12-04 02:19:44 +0000: Memory Usage (3539136K) : Executing rule MC.1
2022-12-04 02:19:44 +0000: Memory Usage (3539136K) : Executing rule MC.2
2022-12-04 02:19:45 +0000: Memory Usage (3539136K) : Executing rule MC.3
2022-12-04 02:19:45 +0000: Memory Usage (3539136K) : Executing rule MC.4
2022-12-04 02:19:50 +0000: Memory Usage (3539136K) : Executing rule PRES.1
2022-12-04 02:19:50 +0000: Memory Usage (3539136K) : Executing rule PRES.2
2022-12-04 02:19:50 +0000: Memory Usage (3539136K) : Executing rule PRES.3
2022-12-04 02:19:50 +0000: Memory Usage (3539136K) : Executing rule PRES.4
2022-12-04 02:19:50 +0000: Memory Usage (3539136K) : Executing rule PRES.5
2022-12-04 02:19:50 +0000: Memory Usage (3539136K) : Executing rule PRES.6
2022-12-04 02:19:50 +0000: Memory Usage (3539136K) : Executing rule PRES.7
2022-12-04 02:19:55 +0000: Memory Usage (3457212K) : Executing rule PRES.9a
2022-12-04 02:19:55 +0000: Memory Usage (3457212K) : Executing rule PRES.9b
2022-12-04 02:20:01 +0000: Memory Usage (3457212K) : Executing rule LRES.1
2022-12-04 02:20:01 +0000: Memory Usage (3457212K) : Executing rule LRES.2
2022-12-04 02:20:01 +0000: Memory Usage (3457212K) : Executing rule LRES.3
2022-12-04 02:20:01 +0000: Memory Usage (3457212K) : Executing rule LRES.4
2022-12-04 02:20:01 +0000: Memory Usage (3457212K) : Executing rule LRES.5
2022-12-04 02:20:13 +0000: Memory Usage (3457212K) : Executing rule LRES.6
2022-12-04 02:20:18 +0000: Memory Usage (3457212K) : Executing rule LRES.7
2022-12-04 02:20:24 +0000: Memory Usage (3457212K) : Executing rule LRES.9a
2022-12-04 02:20:24 +0000: Memory Usage (3457212K) : Executing rule LRES.9b
2022-12-04 02:21:02 +0000: Memory Usage (3457212K) : Executing rule HRES.1
2022-12-04 02:21:02 +0000: Memory Usage (3457212K) : Executing rule HRES.2
2022-12-04 02:21:02 +0000: Memory Usage (3457212K) : Executing rule HRES.3
2022-12-04 02:21:02 +0000: Memory Usage (3457212K) : Executing rule HRES.4
2022-12-04 02:21:02 +0000: Memory Usage (3457212K) : Executing rule HRES.5
2022-12-04 02:21:02 +0000: Memory Usage (3457212K) : Executing rule HRES.6
2022-12-04 02:21:21 +0000: Memory Usage (3457212K) : Executing rule HRES.7
2022-12-04 02:21:21 +0000: Memory Usage (3457212K) : Executing rule HRES.8
2022-12-04 02:21:21 +0000: Memory Usage (3457212K) : Executing rule HRES.9
2022-12-04 02:21:21 +0000: Memory Usage (3457212K) : Executing rule HRES.10
2022-12-04 02:21:26 +0000: Memory Usage (3457212K) : Executing rule HRES.12a
2022-12-04 02:21:26 +0000: Memory Usage (3457212K) : Executing rule HRES.12b
2022-12-04 02:21:26 +0000: Memory Usage (3457212K) : MIM Capacitor Option B section
2022-12-04 02:21:26 +0000: Memory Usage (3457212K) : Executing rule MIMTM.1
2022-12-04 02:21:26 +0000: Memory Usage (3457212K) : Executing rule MIMTM.2
2022-12-04 02:21:26 +0000: Memory Usage (3457212K) : Executing rule MIMTM.3
2022-12-04 02:21:26 +0000: Memory Usage (3457212K) : Executing rule MIMTM.4
2022-12-04 02:21:26 +0000: Memory Usage (3457212K) : Executing rule MIMTM.5
2022-12-04 02:21:26 +0000: Memory Usage (3457212K) : Executing rule MIMTM.6
2022-12-04 02:21:26 +0000: Memory Usage (3457212K) : Executing rule MIMTM.7
2022-12-04 02:21:26 +0000: Memory Usage (3457212K) : Executing rule MIMTM.8a
2022-12-04 02:21:26 +0000: Memory Usage (3457212K) : Executing rule MIMTM.8b
2022-12-04 02:21:27 +0000: Memory Usage (3457212K) : Executing rule MIMTM.9
2022-12-04 02:21:27 +0000: Memory Usage (3457212K) : Executing rule MIMTM.10
2022-12-04 02:21:27 +0000: Memory Usage (3457212K) : Executing rule MIMTM.11
2022-12-04 02:21:27 +0000: Memory Usage (3457212K) : Executing rule NAT.1
2022-12-04 02:21:31 +0000: Memory Usage (3457212K) : Executing rule NAT.2
2022-12-04 02:21:31 +0000: Memory Usage (3457212K) : Executing rule NAT.3
2022-12-04 02:21:31 +0000: Memory Usage (3457212K) : Executing rule NAT.4
2022-12-04 02:21:46 +0000: Memory Usage (3457212K) : Executing rule NAT.5
2022-12-04 02:22:00 +0000: Memory Usage (3457212K) : CONNECTIVITY_RULES section
2022-12-04 02:22:00 +0000: Memory Usage (3457212K) : Executing rule NAT.6
2022-12-04 02:22:00 +0000: Memory Usage (3457212K) : Executing rule NAT.7
2022-12-04 02:22:00 +0000: Memory Usage (3457212K) : Executing rule NAT.8
2022-12-04 02:22:00 +0000: Memory Usage (3457212K) : Executing rule NAT.9
2022-12-04 02:22:00 +0000: Memory Usage (3457212K) : Executing rule NAT.10
2022-12-04 02:22:00 +0000: Memory Usage (3457212K) : Executing rule NAT.11
2022-12-04 02:22:00 +0000: Memory Usage (3457212K) : Executing rule NAT.12
2022-12-04 02:22:00 +0000: Memory Usage (3457212K) : Executing rule BJT.1
2022-12-04 02:22:00 +0000: Memory Usage (3457212K) : Executing rule BJT.2
2022-12-04 02:22:12 +0000: Memory Usage (3457212K) : Executing rule BJT.3
2022-12-04 02:22:12 +0000: Memory Usage (3457212K) : Executing rule DE.2
2022-12-04 02:22:12 +0000: Memory Usage (3457212K) : Executing rule DE.3
2022-12-04 02:22:12 +0000: Memory Usage (3457212K) : Executing rule DE.4
2022-12-04 02:22:19 +0000: Memory Usage (3457212K) : Executing rule LVS_BJT.1
2022-12-04 02:22:19 +0000: Memory Usage (3457212K) : Executing rule O.DF.3a
2022-12-04 02:22:19 +0000: Memory Usage (3457212K) : Executing rule O.DF.6
2022-12-04 02:22:19 +0000: Memory Usage (3457212K) : Executing rule O.DF.9
2022-12-04 02:22:19 +0000: Memory Usage (3457212K) : Executing rule O.PL.2
2022-12-04 02:22:38 +0000: Memory Usage (3457212K) : Executing rule O.PL.3a
2022-12-04 02:23:08 +0000: Memory Usage (3457212K) : Executing rule O.PL.4
2022-12-04 02:23:08 +0000: Memory Usage (3457212K) : Executing rule O.SB.2
2022-12-04 02:23:08 +0000: Memory Usage (3457212K) : Executing rule O.SB.3
2022-12-04 02:23:08 +0000: Memory Usage (3457212K) : Executing rule O.SB.4
2022-12-04 02:23:08 +0000: Memory Usage (3457212K) : Executing rule O.SB.5b_3.3V
2022-12-04 02:23:08 +0000: Memory Usage (3457212K) : Executing rule O.SB.9
2022-12-04 02:23:08 +0000: Memory Usage (3457212K) : Executing rule O.SB.11
2022-12-04 02:23:08 +0000: Memory Usage (3457212K) : Executing rule O.SB.13_3.3V
2022-12-04 02:23:08 +0000: Memory Usage (3457212K) : Executing rule O.SB.13_5V
2022-12-04 02:23:08 +0000: Memory Usage (3457212K) : Executing rule O.CO.7
2022-12-04 02:23:54 +0000: Memory Usage (5114204K) : Executing rule O.PL.ORT
2022-12-04 02:24:49 +0000: Memory Usage (4975316K) : Executing rule EF.01
2022-12-04 02:24:49 +0000: Memory Usage (4975316K) : Executing rule EF.02
2022-12-04 02:24:49 +0000: Memory Usage (4975316K) : Executing rule EF.03
2022-12-04 02:24:54 +0000: Memory Usage (4975316K) : Executing rule EF.04a
2022-12-04 02:24:54 +0000: Memory Usage (4975316K) : Executing rule EF.04b
2022-12-04 02:24:54 +0000: Memory Usage (4975316K) : Executing rule EF.04c
2022-12-04 02:24:54 +0000: Memory Usage (4975316K) : Executing rule EF.04d
2022-12-04 02:24:54 +0000: Memory Usage (4975316K) : Executing rule EF.05
2022-12-04 02:24:54 +0000: Memory Usage (4975316K) : Executing rule EF.06
2022-12-04 02:24:54 +0000: Memory Usage (4975316K) : Executing rule EF.07
2022-12-04 02:24:54 +0000: Memory Usage (4975316K) : Executing rule EF.08
2022-12-04 02:24:54 +0000: Memory Usage (4975316K) : Executing rule EF.09
2022-12-04 02:24:54 +0000: Memory Usage (4975316K) : Executing rule EF.10
2022-12-04 02:24:54 +0000: Memory Usage (4975316K) : Executing rule EF.11
2022-12-04 02:24:54 +0000: Memory Usage (4975316K) : Executing rule EF.12
2022-12-04 02:24:54 +0000: Memory Usage (4975316K) : Executing rule EF.13
2022-12-04 02:24:54 +0000: Memory Usage (4975316K) : Executing rule EF.14
2022-12-04 02:24:54 +0000: Memory Usage (4975316K) : Executing rule EF.15
2022-12-04 02:24:54 +0000: Memory Usage (4975316K) : Executing rule EF.16a
2022-12-04 02:24:54 +0000: Memory Usage (4975316K) : Executing rule EF.16b
2022-12-04 02:24:54 +0000: Memory Usage (4975316K) : Executing rule EF.17
2022-12-04 02:24:54 +0000: Memory Usage (4975316K) : Executing rule EF.18
2022-12-04 02:47:05 +0000: Memory Usage (6140348K) : Executing rule EF.19
2022-12-04 02:58:43 +0000: Memory Usage (6140348K) : Executing rule EF.20
2022-12-04 02:58:48 +0000: Memory Usage (5066480K) : Executing rule EF.21
2022-12-04 02:58:48 +0000: Memory Usage (5066480K) : Executing rule EF.22a
2022-12-04 02:58:48 +0000: Memory Usage (5066480K) : Executing rule EF.22b
2022-12-04 02:58:48 +0000: Memory Usage (5066480K) : Executing rule MDN.1
2022-12-04 02:58:48 +0000: Memory Usage (5066480K) : CONNECTIVITY_RULES section
2022-12-04 02:58:48 +0000: Memory Usage (5066480K) : Executing rule MDN.2a
2022-12-04 02:58:48 +0000: Memory Usage (5066480K) : Executing rule MDN.2b
2022-12-04 02:59:02 +0000: Memory Usage (4975376K) : Executing rule MDN.3a
2022-12-04 02:59:02 +0000: Memory Usage (4975376K) : Executing rule MDN.3b
2022-12-04 02:59:02 +0000: Memory Usage (4975376K) : Executing rule MDN.4a
2022-12-04 02:59:02 +0000: Memory Usage (4975376K) : Executing rule MDN.4b
2022-12-04 02:59:05 +0000: Memory Usage (4975376K) : Executing rule MDN.5ai
2022-12-04 02:59:05 +0000: Memory Usage (4975376K) : Executing rule MDN.5aii
2022-12-04 02:59:05 +0000: Memory Usage (4975376K) : Executing rule MDN.5b
2022-12-04 02:59:05 +0000: Memory Usage (4975376K) : Executing rule MDN.5c
2022-12-04 02:59:05 +0000: Memory Usage (4975376K) : Executing rule MDN.6
2022-12-04 02:59:20 +0000: Memory Usage (4975376K) : Executing rule MDN.6a
2022-12-04 02:59:20 +0000: Memory Usage (4975376K) : Executing rule MDN.7
2022-12-04 02:59:20 +0000: Memory Usage (4975376K) : Executing rule MDN.7a
2022-12-04 02:59:20 +0000: Memory Usage (4975376K) : CONNECTIVITY_RULES section
2022-12-04 02:59:20 +0000: Memory Usage (4975376K) : Executing rule MDN.8a
2022-12-04 02:59:20 +0000: Memory Usage (4975376K) : Executing rule MDN.8b
2022-12-04 02:59:20 +0000: Memory Usage (4975376K) : Executing rule MDN.9
2022-12-04 02:59:40 +0000: Memory Usage (4975376K) : Executing rule MDN.10a
2022-12-04 02:59:40 +0000: Memory Usage (4975376K) : Executing rule MDN.10b
2022-12-04 02:59:54 +0000: Memory Usage (4975376K) : Executing rule MDN.10c
2022-12-04 03:00:31 +0000: Memory Usage (4975376K) : Executing rule MDN.10d
2022-12-04 03:00:31 +0000: Memory Usage (4975376K) : Executing rule MDN.10ei
2022-12-04 03:00:42 +0000: Memory Usage (4975376K) : Executing rule MDN.10eii
2022-12-04 03:00:49 +0000: Memory Usage (4975376K) : Executing rule MDN.10f
2022-12-04 03:00:59 +0000: Memory Usage (4975376K) : Executing rule MDN.11
2022-12-04 03:01:18 +0000: Memory Usage (4975376K) : Executing rule MDN.12
2022-12-04 03:01:18 +0000: Memory Usage (4975376K) : Executing rule MDN.13a
2022-12-04 03:01:46 +0000: Memory Usage (4975376K) : Executing rule MDN.13b
2022-12-04 03:01:46 +0000: Memory Usage (4975376K) : Executing rule MDN.13c
2022-12-04 03:02:15 +0000: Memory Usage (4975376K) : Executing rule MDN.13d
2022-12-04 03:02:15 +0000: Memory Usage (4975376K) : Executing rule MDN.14
2022-12-04 03:02:15 +0000: Memory Usage (4975376K) : Executing rule MDN.15a
2022-12-04 03:02:15 +0000: Memory Usage (4975376K) : Executing rule MDN.15b
2022-12-04 03:02:35 +0000: Memory Usage (4975376K) : Executing rule MDN.17
2022-12-04 03:02:44 +0000: Memory Usage (4975376K) : Executing rule MDP.1
2022-12-04 03:02:57 +0000: Memory Usage (4975376K) : Executing rule MDP.1a
2022-12-04 03:27:24 +0000: Memory Usage (9177472K) : Executing rule MDP.2
2022-12-04 03:27:37 +0000: Memory Usage (4983164K) : Executing rule MDP.3
2022-12-04 03:27:40 +0000: Memory Usage (4983164K) : Executing rule MDP.3ai
2022-12-04 03:27:40 +0000: Memory Usage (4983164K) : Executing rule MDP.3aii
2022-12-04 03:27:40 +0000: Memory Usage (4983164K) : Executing rule MDP.3b
2022-12-04 03:27:40 +0000: Memory Usage (4983164K) : Executing rule MDP.3c
2022-12-04 03:27:40 +0000: Memory Usage (4983164K) : Executing rule MDP.3d
2022-12-04 03:27:40 +0000: Memory Usage (4983164K) : Executing rule MDP.4
2022-12-04 03:30:12 +0000: Memory Usage (4983164K) : Executing rule MDP.4a
2022-12-04 03:30:12 +0000: Memory Usage (4983164K) : Executing rule MDP.4b
2022-12-04 03:30:12 +0000: Memory Usage (4983164K) : Executing rule MDP.5
2022-12-04 03:30:27 +0000: Memory Usage (4983164K) : Executing rule MDP.5a
2022-12-04 03:30:27 +0000: Memory Usage (4983164K) : Executing rule MDP.6
2022-12-04 03:30:27 +0000: Memory Usage (4983164K) : Executing rule MDP.6a
2022-12-04 03:30:27 +0000: Memory Usage (4983164K) : Executing rule MDP.7
2022-12-04 03:30:27 +0000: Memory Usage (4983164K) : Executing rule MDP.8
2022-12-04 03:30:27 +0000: Memory Usage (4983164K) : Executing rule MDP.9a
2022-12-04 03:30:28 +0000: Memory Usage (4983164K) : Executing rule MDP.9b
2022-12-04 03:30:28 +0000: Memory Usage (4983164K) : Executing rule MDP.9c
2022-12-04 03:30:35 +0000: Memory Usage (4983164K) : Executing rule MDP.9d
2022-12-04 03:32:06 +0000: Memory Usage (4983164K) : Executing rule MDP.9ei
2022-12-04 03:32:39 +0000: Memory Usage (4983164K) : Executing rule MDP.9eii
2022-12-04 03:32:39 +0000: Memory Usage (4983164K) : Executing rule MDP.9f
2022-12-04 03:33:10 +0000: Memory Usage (4983164K) : Executing rule MDP.10
2022-12-04 03:33:10 +0000: Memory Usage (4983164K) : CONNECTIVITY_RULES section
2022-12-04 03:33:10 +0000: Memory Usage (4983164K) : Executing rule MDP.10a
2022-12-04 03:33:10 +0000: Memory Usage (4983164K) : Executing rule MDP.10b
2022-12-04 03:33:10 +0000: Memory Usage (4983164K) : Executing rule MDP.11
2022-12-04 03:33:11 +0000: Memory Usage (4983164K) : Executing rule MDP.12
2022-12-04 03:33:27 +0000: Memory Usage (4983164K) : Executing rule MDP.13a
2022-12-04 03:33:43 +0000: Memory Usage (4983164K) : Executing rule MDP.13b
2022-12-04 03:33:43 +0000: Memory Usage (4983164K) : Executing rule MDP.13c
2022-12-04 03:33:53 +0000: Memory Usage (4983164K) : Executing rule MDP.15
2022-12-04 03:33:53 +0000: Memory Usage (4983164K) : Executing rule MDP.16a
2022-12-04 03:33:53 +0000: Memory Usage (4983164K) : Executing rule MDP.16b
2022-12-04 03:33:56 +0000: Memory Usage (4983164K) : Executing rule MDP.17a
2022-12-04 03:33:57 +0000: Memory Usage (4983164K) : Executing rule MDP.17c
2022-12-04 03:33:57 +0000: Memory Usage (4983164K) : Executing rule Y.NW.2b_3.3V
2022-12-04 03:33:57 +0000: Memory Usage (4983164K) : Executing rule Y.NW.2b_5V
2022-12-04 03:33:57 +0000: Memory Usage (4983164K) : Executing rule Y.DF.6_5V
2022-12-04 03:33:57 +0000: Memory Usage (4983164K) : Executing rule Y.DF.16_3.3V
2022-12-04 03:34:01 +0000: Memory Usage (4983164K) : Executing rule Y.DF.16_5V
2022-12-04 03:34:05 +0000: Memory Usage (4983164K) : Executing rule Y.PL.1_3.3V
2022-12-04 03:34:05 +0000: Memory Usage (4983164K) : Executing rule Y.PL.1_5V
2022-12-04 03:34:05 +0000: Memory Usage (4983164K) : Executing rule Y.PL.2_3.3V
2022-12-04 03:34:24 +0000: Memory Usage (4983164K) : Executing rule Y.PL.2_5V
2022-12-04 03:34:44 +0000: Memory Usage (4983164K) : Executing rule Y.PL.4_5V
2022-12-04 03:34:44 +0000: Memory Usage (4983164K) : Executing rule Y.PL.5a_3.3V
2022-12-04 03:34:44 +0000: Memory Usage (4983164K) : Executing rule Y.PL.5a_5V
2022-12-04 03:34:44 +0000: Memory Usage (4983164K) : Executing rule Y.PL.5b_3.3V
2022-12-04 03:34:44 +0000: Memory Usage (4983164K) : Executing rule Y.PL.5b_5V
2022-12-04 03:34:44 +0000: Memory Usage (4983164K) : Executing rule S.DF.4c_MV
2022-12-04 03:34:44 +0000: Memory Usage (4983164K) : Executing rule S.DF.6_MV
2022-12-04 03:34:44 +0000: Memory Usage (4983164K) : Executing rule S.DF.7_MV
2022-12-04 03:34:44 +0000: Memory Usage (4983164K) : Executing rule S.DF.8_MV
2022-12-04 03:34:44 +0000: Memory Usage (4983164K) : Executing rule S.DF.16_MV
2022-12-04 03:34:47 +0000: Memory Usage (4983164K) : Executing rule S.PL.5a_MV
2022-12-04 03:34:47 +0000: Memory Usage (4983164K) : Executing rule S.PL.5b_MV
2022-12-04 03:34:47 +0000: Memory Usage (4983164K) : Executing rule S.CO.4_MV
2022-12-04 03:34:48 +0000: Memory Usage (4983164K) : Executing rule S.DF.4c_LV
2022-12-04 03:34:48 +0000: Memory Usage (4983164K) : Executing rule S.DF.16_LV
2022-12-04 03:34:51 +0000: Memory Usage (4983164K) : Executing rule S.CO.3_LV
2022-12-04 03:34:51 +0000: Memory Usage (4983164K) : Executing rule S.CO.4_LV
2022-12-04 03:34:51 +0000: Memory Usage (4983164K) : Executing rule S.CO.6_ii_LV
2022-12-04 03:34:51 +0000: Memory Usage (4983164K) : Executing rule S.M1.1_LV
2022-12-04 03:34:51 +0000: Memory Usage (4983164K) : OFFGRID-ANGLES section
2022-12-04 03:34:51 +0000: Memory Usage (4983164K) : Executing rule comp_OFFGRID
2022-12-04 03:34:52 +0000: Memory Usage (4983164K) : Executing rule dnwell_OFFGRID
2022-12-04 03:34:52 +0000: Memory Usage (4983164K) : Executing rule nwell_OFFGRID
2022-12-04 03:34:52 +0000: Memory Usage (4983164K) : Executing rule lvpwell_OFFGRID
2022-12-04 03:34:52 +0000: Memory Usage (4983164K) : Executing rule dualgate_OFFGRID
2022-12-04 03:34:52 +0000: Memory Usage (4983164K) : Executing rule poly2_OFFGRID
2022-12-04 03:34:52 +0000: Memory Usage (4983164K) : Executing rule nplus_OFFGRID
2022-12-04 03:34:52 +0000: Memory Usage (4983164K) : Executing rule pplus_OFFGRID
2022-12-04 03:34:52 +0000: Memory Usage (4983164K) : Executing rule sab_OFFGRID
2022-12-04 03:34:52 +0000: Memory Usage (4983164K) : Executing rule esd_OFFGRID
2022-12-04 03:34:52 +0000: Memory Usage (4983164K) : Executing rule contact_OFFGRID
2022-12-04 03:34:54 +0000: Memory Usage (4983164K) : Executing rule metal1_OFFGRID
2022-12-04 03:34:55 +0000: Memory Usage (4983164K) : Executing rule via1_OFFGRID
2022-12-04 03:34:55 +0000: Memory Usage (4983164K) : Executing rule metal2_OFFGRID
2022-12-04 03:34:55 +0000: Memory Usage (4983164K) : Executing rule via2_OFFGRID
2022-12-04 03:34:56 +0000: Memory Usage (4983164K) : Executing rule metal3_OFFGRID
2022-12-04 03:34:56 +0000: Memory Usage (4983164K) : Executing rule via3_OFFGRID
2022-12-04 03:34:56 +0000: Memory Usage (4983164K) : Executing rule metal4_OFFGRID
2022-12-04 03:34:56 +0000: Memory Usage (4983164K) : Executing rule via4_OFFGRID
2022-12-04 03:34:56 +0000: Memory Usage (4983164K) : Executing rule metal5_OFFGRID
2022-12-04 03:34:56 +0000: Memory Usage (4983164K) : Executing rule via5_OFFGRID
2022-12-04 03:34:56 +0000: Memory Usage (4983164K) : Executing rule metaltop_OFFGRID
2022-12-04 03:34:56 +0000: Memory Usage (4983164K) : Executing rule pad_OFFGRID
2022-12-04 03:34:56 +0000: Memory Usage (4983164K) : Executing rule resistor_OFFGRID
2022-12-04 03:34:56 +0000: Memory Usage (4983164K) : Executing rule fhres_OFFGRID
2022-12-04 03:34:56 +0000: Memory Usage (4983164K) : Executing rule fusetop_OFFGRID
2022-12-04 03:34:56 +0000: Memory Usage (4983164K) : Executing rule fusewindow_d_OFFGRID
2022-12-04 03:34:56 +0000: Memory Usage (4983164K) : Executing rule polyfuse_OFFGRID
2022-12-04 03:34:56 +0000: Memory Usage (4983164K) : Executing rule mvsd_OFFGRID
2022-12-04 03:34:56 +0000: Memory Usage (4983164K) : Executing rule mvpsd_OFFGRID
2022-12-04 03:34:56 +0000: Memory Usage (4983164K) : Executing rule nat_OFFGRID
2022-12-04 03:34:56 +0000: Memory Usage (4983164K) : Executing rule comp_dummy_OFFGRID
2022-12-04 03:34:56 +0000: Memory Usage (4983164K) : Executing rule poly2_dummy_OFFGRID
2022-12-04 03:34:56 +0000: Memory Usage (4983164K) : Executing rule metal1_dummy_OFFGRID
2022-12-04 03:34:56 +0000: Memory Usage (4983164K) : Executing rule metal2_dummy_OFFGRID
2022-12-04 03:34:56 +0000: Memory Usage (4983164K) : Executing rule metal3_dummy_OFFGRID
2022-12-04 03:34:56 +0000: Memory Usage (4983164K) : Executing rule metal4_dummy_OFFGRID
2022-12-04 03:34:56 +0000: Memory Usage (4983164K) : Executing rule metal5_dummy_OFFGRID
2022-12-04 03:34:56 +0000: Memory Usage (4983164K) : Executing rule metaltop_dummy_OFFGRID
2022-12-04 03:34:56 +0000: Memory Usage (4983164K) : Executing rule comp_label_OFFGRID
2022-12-04 03:34:56 +0000: Memory Usage (4983164K) : Executing rule poly2_label_OFFGRID
2022-12-04 03:34:56 +0000: Memory Usage (4983164K) : Executing rule metal1_label_OFFGRID
2022-12-04 03:34:56 +0000: Memory Usage (4983164K) : Executing rule metal2_label_OFFGRID
2022-12-04 03:34:56 +0000: Memory Usage (4983164K) : Executing rule metal3_label_OFFGRID
2022-12-04 03:34:56 +0000: Memory Usage (4983164K) : Executing rule metal4_label_OFFGRID
2022-12-04 03:34:56 +0000: Memory Usage (4983164K) : Executing rule metal5_label_OFFGRID
2022-12-04 03:34:56 +0000: Memory Usage (4983164K) : Executing rule metaltop_label_OFFGRID
2022-12-04 03:34:56 +0000: Memory Usage (4983164K) : Executing rule metal1_slot_OFFGRID
2022-12-04 03:34:56 +0000: Memory Usage (4983164K) : Executing rule metal2_slot_OFFGRID
2022-12-04 03:34:56 +0000: Memory Usage (4983164K) : Executing rule metal3_slot_OFFGRID
2022-12-04 03:34:56 +0000: Memory Usage (4983164K) : Executing rule metal4_slot_OFFGRID
2022-12-04 03:34:56 +0000: Memory Usage (4983164K) : Executing rule metal5_slot_OFFGRID
2022-12-04 03:34:56 +0000: Memory Usage (4983164K) : Executing rule metaltop_slot_OFFGRID
2022-12-04 03:34:56 +0000: Memory Usage (4983164K) : Executing rule ubmpperi_OFFGRID
2022-12-04 03:34:56 +0000: Memory Usage (4983164K) : Executing rule ubmparray_OFFGRID
2022-12-04 03:34:56 +0000: Memory Usage (4983164K) : Executing rule ubmeplate_OFFGRID
2022-12-04 03:34:56 +0000: Memory Usage (4983164K) : Executing rule schottky_diode_OFFGRID
2022-12-04 03:34:56 +0000: Memory Usage (4983164K) : Executing rule zener_OFFGRID
2022-12-04 03:34:56 +0000: Memory Usage (4983164K) : Executing rule res_mk_OFFGRID
2022-12-04 03:34:56 +0000: Memory Usage (4983164K) : Executing rule opc_drc_OFFGRID
2022-12-04 03:34:56 +0000: Memory Usage (4983164K) : Executing rule ndmy_OFFGRID
2022-12-04 03:34:56 +0000: Memory Usage (4983164K) : Executing rule pmndmy_OFFGRID
2022-12-04 03:34:56 +0000: Memory Usage (4983164K) : Executing rule v5_xtor_OFFGRID
2022-12-04 03:34:56 +0000: Memory Usage (4983164K) : Executing rule cap_mk_OFFGRID
2022-12-04 03:34:56 +0000: Memory Usage (4983164K) : Executing rule mos_cap_mk_OFFGRID
2022-12-04 03:34:56 +0000: Memory Usage (4983164K) : Executing rule ind_mk_OFFGRID
2022-12-04 03:34:56 +0000: Memory Usage (4983164K) : Executing rule diode_mk_OFFGRID
2022-12-04 03:34:57 +0000: Memory Usage (4983164K) : Executing rule drc_bjt_OFFGRID
2022-12-04 03:34:57 +0000: Memory Usage (4983164K) : Executing rule lvs_bjt_OFFGRID
2022-12-04 03:34:57 +0000: Memory Usage (4983164K) : Executing rule mim_l_mk_OFFGRID
2022-12-04 03:34:57 +0000: Memory Usage (4983164K) : Executing rule latchup_mk_OFFGRID
2022-12-04 03:34:57 +0000: Memory Usage (4983164K) : Executing rule guard_ring_mk_OFFGRID
2022-12-04 03:34:57 +0000: Memory Usage (4983164K) : Executing rule otp_mk_OFFGRID
2022-12-04 03:34:57 +0000: Memory Usage (4983164K) : Executing rule mtpmark_OFFGRID
2022-12-04 03:34:57 +0000: Memory Usage (4983164K) : Executing rule neo_ee_mk_OFFGRID
2022-12-04 03:34:57 +0000: Memory Usage (4983164K) : Executing rule sramcore_OFFGRID
2022-12-04 03:34:57 +0000: Memory Usage (4983164K) : Executing rule lvs_rf_OFFGRID
2022-12-04 03:34:57 +0000: Memory Usage (4983164K) : Executing rule lvs_drain_OFFGRID
2022-12-04 03:34:57 +0000: Memory Usage (4983164K) : Executing rule hvpolyrs_OFFGRID
2022-12-04 03:34:57 +0000: Memory Usage (4983164K) : Executing rule lvs_io_OFFGRID
2022-12-04 03:34:57 +0000: Memory Usage (4983164K) : Executing rule probe_mk_OFFGRID
2022-12-04 03:34:57 +0000: Memory Usage (4983164K) : Executing rule esd_mk_OFFGRID
2022-12-04 03:34:57 +0000: Memory Usage (4983164K) : Executing rule lvs_source_OFFGRID
2022-12-04 03:34:57 +0000: Memory Usage (4983164K) : Executing rule well_diode_mk_OFFGRID
2022-12-04 03:34:57 +0000: Memory Usage (4983164K) : Executing rule ldmos_xtor_OFFGRID
2022-12-04 03:34:57 +0000: Memory Usage (4983164K) : Executing rule plfuse_OFFGRID
2022-12-04 03:34:57 +0000: Memory Usage (4983164K) : Executing rule efuse_mk_OFFGRID
2022-12-04 03:34:57 +0000: Memory Usage (4983164K) : Executing rule mcell_feol_mk_OFFGRID
2022-12-04 03:34:57 +0000: Memory Usage (4983164K) : Executing rule ymtp_mk_OFFGRID
2022-12-04 03:34:57 +0000: Memory Usage (4983164K) : Executing rule dev_wf_mk_OFFGRID
2022-12-04 03:34:57 +0000: Memory Usage (4983164K) : Executing rule metal1_blk_OFFGRID
2022-12-04 03:34:57 +0000: Memory Usage (4983164K) : Executing rule metal2_blk_OFFGRID
2022-12-04 03:34:57 +0000: Memory Usage (4983164K) : Executing rule metal3_blk_OFFGRID
2022-12-04 03:34:57 +0000: Memory Usage (4983164K) : Executing rule metal4_blk_OFFGRID
2022-12-04 03:34:57 +0000: Memory Usage (4983164K) : Executing rule metal5_blk_OFFGRID
2022-12-04 03:34:57 +0000: Memory Usage (4983164K) : Executing rule metalt_blk_OFFGRID
2022-12-04 03:34:57 +0000: Memory Usage (4983164K) : Executing rule pr_bndry_OFFGRID
2022-12-04 03:34:57 +0000: Memory Usage (4983164K) : Executing rule mdiode_OFFGRID
2022-12-04 03:34:57 +0000: Memory Usage (4983164K) : Executing rule metal1_res_OFFGRID
2022-12-04 03:34:57 +0000: Memory Usage (4983164K) : Executing rule metal2_res_OFFGRID
2022-12-04 03:34:57 +0000: Memory Usage (4983164K) : Executing rule metal3_res_OFFGRID
2022-12-04 03:34:57 +0000: Memory Usage (4983164K) : Executing rule metal4_res_OFFGRID
2022-12-04 03:34:57 +0000: Memory Usage (4983164K) : Executing rule metal5_res_OFFGRID
2022-12-04 03:34:57 +0000: Memory Usage (4983164K) : Executing rule metal6_res_OFFGRID
2022-12-04 03:34:57 +0000: Memory Usage (4983164K) : Executing rule border_OFFGRID
VmPeak:	15993220 kB
VmHWM:	12229992 kB
2022-12-04 03:34:57 +0000: Memory Usage (4983164K) : DRC Total Run time 4667.359041 seconds
