2022-12-03 21:49:48 +0000: Memory Usage (565156K) : Starting running GF180MCU Klayout DRC runset on /home/storage/programs/chip_making/space_shuttle_gf_node/gds/user_project_wrapper.gds
2022-12-03 21:49:49 +0000: Memory Usage (565156K) : Ruby Version for klayout: 2.7.4
2022-12-03 21:49:51 +0000: Memory Usage (937836K) : Loading database to memory is complete.
2022-12-03 21:49:51 +0000: Memory Usage (937836K) : GF180MCU Klayout DRC runset output at: /home/storage/programs/chip_making/space_shuttle_gf_node/precheck_results/03_DEC_2022___21_44_27/outputs/reports/klayout_feol_check.xml
2022-12-03 21:49:51 +0000: Memory Usage (937836K) : Number of threads to use 4
2022-12-03 21:49:51 +0000: Memory Usage (937836K) : flat  mode is enabled.
2022-12-03 21:49:51 +0000: Memory Usage (937836K) : Read in polygons from layers.
2022-12-03 21:51:24 +0000: Memory Usage (2350080K) : Starting deriving base layers.
2022-12-03 21:52:18 +0000: Memory Usage (3539184K) : Evaluate switches.
2022-12-03 21:52:18 +0000: Memory Usage (3539184K) : FEOL is enabled.
2022-12-03 21:52:18 +0000: Memory Usage (3539184K) : BEOL is disabled.
2022-12-03 21:52:18 +0000: Memory Usage (3539184K) : connectivity rules are enabled.
2022-12-03 21:52:18 +0000: Memory Usage (3539184K) : METAL_TOP Selected is 9K
2022-12-03 21:52:18 +0000: Memory Usage (3539184K) : METAL_STACK Selected is 5LM
2022-12-03 21:52:18 +0000: Memory Usage (3539184K) : Wedge enabled  true
2022-12-03 21:52:18 +0000: Memory Usage (3539184K) : Ball enabled  true
2022-12-03 21:52:18 +0000: Memory Usage (3539184K) : Gold enabled  true
2022-12-03 21:52:18 +0000: Memory Usage (3539184K) : MIM Option selected B
/home/storage/programs/chip_making/space_shuttle_gf_node/dependencies/mpw_precheck/checks/tech-files/gf180mcuC_mr.drc:543: warning: already initialized constant DRC::DRCEngine::OFFGRID
/home/storage/programs/chip_making/space_shuttle_gf_node/dependencies/mpw_precheck/checks/tech-files/gf180mcuC_mr.drc:463: warning: previous definition of OFFGRID was here
2022-12-03 21:52:18 +0000: Memory Usage (3539184K) : Offgrid enabled  true
2022-12-03 21:52:18 +0000: Memory Usage (3539184K) : Construct connectivity for the design.
2022-12-03 21:52:49 +0000: Memory Usage (3670260K) : Connectivity rules enabled, Netlist object will be generated.
2022-12-03 21:55:19 +0000: Memory Usage (4536104K) : Total area of the design is 8997120.228799999 um^2.
2022-12-03 21:55:19 +0000: Memory Usage (4536104K) : Total no. of polygons in the design is 10256483
2022-12-03 21:55:19 +0000: Memory Usage (4536104K) : Initialization and base layers definition.
2022-12-03 21:55:19 +0000: Memory Usage (4536104K) : Starting GF180MCU DRC rules.
2022-12-03 21:55:19 +0000: Memory Usage (4536104K) : FEOL section
2022-12-03 21:55:19 +0000: Memory Usage (4536104K) : Executing rule DN.1
2022-12-03 21:55:19 +0000: Memory Usage (4536104K) : CONNECTIVITY_RULES section
2022-12-03 21:55:19 +0000: Memory Usage (4536104K) : Executing rule DN.2a
2022-12-03 21:55:19 +0000: Memory Usage (4536104K) : Executing rule DN.2b
2022-12-03 21:55:21 +0000: Memory Usage (4536104K) : Executing rule DN.3
2022-12-03 21:55:21 +0000: Memory Usage (4536104K) : Executing rule LPW.1_3.3V
2022-12-03 21:55:21 +0000: Memory Usage (4536104K) : Executing rule LPW.1_5V
2022-12-03 21:55:21 +0000: Memory Usage (4536104K) : CONNECTIVITY_RULES section
2022-12-03 21:55:22 +0000: Memory Usage (4536104K) : Executing rule LPW.2a_3.3V
2022-12-03 21:55:22 +0000: Memory Usage (4536104K) : Executing rule LPW.2a_5V
2022-12-03 21:55:22 +0000: Memory Usage (4536104K) : Executing rule LPW.2b_3.3V
2022-12-03 21:55:22 +0000: Memory Usage (4536104K) : Executing rule LPW.2b_5V
2022-12-03 21:55:22 +0000: Memory Usage (4536104K) : Executing rule LPW.3_3.3V
2022-12-03 21:55:22 +0000: Memory Usage (4536104K) : Executing rule LPW.3_5V
2022-12-03 21:55:22 +0000: Memory Usage (4536104K) : Executing rule LPW.5_3.3V
2022-12-03 21:55:22 +0000: Memory Usage (4536104K) : Executing rule LPW.5_5V
2022-12-03 21:55:22 +0000: Memory Usage (4536104K) : Executing rule LPW.11
2022-12-03 21:55:22 +0000: Memory Usage (4536104K) : Executing rule LPW.12
2022-12-03 21:55:22 +0000: Memory Usage (4536104K) : Executing rule NW.1a_3.3V
2022-12-03 21:55:22 +0000: Memory Usage (4536104K) : Executing rule NW.1a_5V
2022-12-03 21:55:22 +0000: Memory Usage (4536104K) : Executing rule NW.1b_3.3V
2022-12-03 21:55:22 +0000: Memory Usage (4536104K) : Executing rule NW.1b_5V
2022-12-03 21:55:22 +0000: Memory Usage (4536104K) : CONNECTIVITY_RULES section
2022-12-03 21:55:36 +0000: Memory Usage (4536104K) : Executing rule NW.2a_3.3V
2022-12-03 21:55:36 +0000: Memory Usage (4536104K) : Executing rule NW.2a_5V
2022-12-03 21:55:36 +0000: Memory Usage (4536104K) : Executing rule NW.2b_3.3V
2022-12-03 21:55:36 +0000: Memory Usage (4536104K) : Executing rule NW.2b_5V
2022-12-03 21:55:36 +0000: Memory Usage (4536104K) : Executing rule NW.3_3.3V
2022-12-03 21:55:36 +0000: Memory Usage (4536104K) : Executing rule NW.3_5V
2022-12-03 21:55:36 +0000: Memory Usage (4536104K) : Executing rule NW.4_3.3V
2022-12-03 21:55:36 +0000: Memory Usage (4536104K) : Executing rule NW.4_5V
2022-12-03 21:55:36 +0000: Memory Usage (4536104K) : Executing rule NW.5_3.3V
2022-12-03 21:55:37 +0000: Memory Usage (4536104K) : Executing rule NW.5_5V
2022-12-03 21:55:37 +0000: Memory Usage (4536104K) : Executing rule NW.6
2022-12-03 21:55:37 +0000: Memory Usage (4536104K) : Executing rule DF.1a_3.3V
2022-12-03 21:55:37 +0000: Memory Usage (4536104K) : Executing rule DF.1a_5V
2022-12-03 21:55:37 +0000: Memory Usage (4536104K) : Executing rule DF.1c_3.3V
2022-12-03 21:55:38 +0000: Memory Usage (4536104K) : Executing rule DF.1c_5V
2022-12-03 21:56:35 +0000: Memory Usage (4697696K) : Executing rule DF.2a_3.3V
2022-12-03 21:56:35 +0000: Memory Usage (4536104K) : Executing rule DF.2a_5V
2022-12-03 21:56:48 +0000: Memory Usage (4699948K) : Executing rule DF.2b_3.3V
2022-12-03 21:57:23 +0000: Memory Usage (5005920K) : Executing rule DF.2b_5V
2022-12-03 21:57:56 +0000: Memory Usage (5005920K) : Executing rule DF.3a_3.3V
2022-12-03 21:58:00 +0000: Memory Usage (5005920K) : Executing rule DF.3a_5V
2022-12-03 21:58:38 +0000: Memory Usage (4939104K) : Executing rule DF.3b_3.3V
2022-12-03 21:58:38 +0000: Memory Usage (4939104K) : Executing rule DF.3b_5V
2022-12-03 21:58:38 +0000: Memory Usage (4939104K) : Executing rule DF.3c_3.3V
2022-12-03 21:58:38 +0000: Memory Usage (4939104K) : Executing rule DF.3c_5V
2022-12-03 21:58:45 +0000: Memory Usage (4939104K) : Executing rule DF.4a_3.3V
2022-12-03 21:58:45 +0000: Memory Usage (4939104K) : Executing rule DF.4a_5V
2022-12-03 21:58:45 +0000: Memory Usage (4939104K) : Executing rule DF.4b_3.3V
2022-12-03 21:58:59 +0000: Memory Usage (4939104K) : Executing rule DF.4b_5V
2022-12-03 21:59:12 +0000: Memory Usage (4939104K) : Executing rule DF.4c_3.3V
2022-12-03 21:59:26 +0000: Memory Usage (4939104K) : Executing rule DF.4c_5V
2022-12-03 21:59:40 +0000: Memory Usage (4939104K) : Executing rule DF.4d_3.3V
2022-12-03 21:59:41 +0000: Memory Usage (4939104K) : Executing rule DF.4d_5V
2022-12-03 21:59:42 +0000: Memory Usage (4939104K) : Executing rule DF.4e_3.3V
2022-12-03 21:59:42 +0000: Memory Usage (4939104K) : Executing rule DF.4e_5V
2022-12-03 21:59:42 +0000: Memory Usage (4939104K) : Executing rule DF.5_3.3V
2022-12-03 21:59:53 +0000: Memory Usage (4939104K) : Executing rule DF.5_5V
2022-12-03 22:00:05 +0000: Memory Usage (4939104K) : Executing rule DF.6_3.3V
2022-12-03 22:00:11 +0000: Memory Usage (4939104K) : Executing rule DF.6_5V
2022-12-03 22:00:17 +0000: Memory Usage (4939104K) : Executing rule DF.7_3.3V
2022-12-03 22:00:17 +0000: Memory Usage (4939104K) : Executing rule DF.7_5V
2022-12-03 22:00:17 +0000: Memory Usage (4939104K) : Executing rule DF.8_3.3V
2022-12-03 22:00:17 +0000: Memory Usage (4939104K) : Executing rule DF.8_5V
2022-12-03 22:00:17 +0000: Memory Usage (4939104K) : Executing rule DF.9_3.3V
2022-12-03 22:00:17 +0000: Memory Usage (4939104K) : Executing rule DF.9_5V
2022-12-03 22:00:18 +0000: Memory Usage (4939104K) : Executing rule DF.10_3.3V
2022-12-03 22:00:18 +0000: Memory Usage (4939104K) : Executing rule DF.10_5V
2022-12-03 22:00:18 +0000: Memory Usage (4857180K) : Executing rule DF.11_3.3V
2022-12-03 22:00:18 +0000: Memory Usage (4857180K) : Executing rule DF.11_5V
2022-12-03 22:00:18 +0000: Memory Usage (4857180K) : Executing rule DF.12_3.3V
2022-12-03 22:00:31 +0000: Memory Usage (4857180K) : Executing rule DF.12_5V
2022-12-03 22:01:01 +0000: Memory Usage (4857180K) : Executing rule DF.13_3.3V
2022-12-03 22:02:48 +0000: Memory Usage (7903952K) : Executing rule DF.13_5V
2022-12-03 22:03:47 +0000: Memory Usage (7741628K) : Executing rule DF.14_3.3V
2022-12-03 22:05:45 +0000: Memory Usage (7596712K) : Executing rule DF.14_5V
2022-12-03 22:07:00 +0000: Memory Usage (6737580K) : Executing rule DF.16_3.3V
2022-12-03 22:07:01 +0000: Memory Usage (6737580K) : Executing rule DF.16_5V
2022-12-03 22:07:07 +0000: Memory Usage (6737580K) : Executing rule DF.17_3.3V
2022-12-03 22:07:07 +0000: Memory Usage (6737580K) : Executing rule DF.17_5V
2022-12-03 22:07:07 +0000: Memory Usage (6737580K) : Executing rule DF.18_3.3V
2022-12-03 22:07:07 +0000: Memory Usage (6737580K) : Executing rule DF.18_5V
2022-12-03 22:07:07 +0000: Memory Usage (6737580K) : Executing rule DF.19_3.3V
2022-12-03 22:07:08 +0000: Memory Usage (6737580K) : Executing rule DF.19_5V
2022-12-03 22:07:08 +0000: Memory Usage (6737580K) : Executing rule DV.1
2022-12-03 22:07:08 +0000: Memory Usage (6737580K) : Executing rule DV.2
2022-12-03 22:07:08 +0000: Memory Usage (6737580K) : Executing rule DV.3
2022-12-03 22:07:20 +0000: Memory Usage (6737580K) : Executing rule DV.5
2022-12-03 22:07:31 +0000: Memory Usage (6737580K) : Executing rule DV.6
2022-12-03 22:08:01 +0000: Memory Usage (6737580K) : Executing rule DV.7
2022-12-03 22:08:23 +0000: Memory Usage (6737580K) : Executing rule DV.8
2022-12-03 22:09:01 +0000: Memory Usage (6737580K) : Executing rule DV.9
2022-12-03 22:09:17 +0000: Memory Usage (6737580K) : Executing rule PL.1_3.3V
2022-12-03 22:09:17 +0000: Memory Usage (6737580K) : Executing rule PL.1_5V
2022-12-03 22:09:18 +0000: Memory Usage (6737580K) : Executing rule PL.1a_3.3V
2022-12-03 22:09:18 +0000: Memory Usage (6737580K) : Executing rule PL.1a_5V
2022-12-03 22:09:18 +0000: Memory Usage (6737580K) : Executing rule PL.2_3.3V
2022-12-03 22:12:39 +0000: Memory Usage (4795784K) : Executing rule PL.2_5V
2022-12-03 22:12:39 +0000: Memory Usage (4795784K) : Executing rule PL.3a_3.3V
2022-12-03 22:13:15 +0000: Memory Usage (4795784K) : Executing rule PL.3a_5V
2022-12-03 22:13:51 +0000: Memory Usage (4795784K) : Executing rule PL.4_3.3V
2022-12-03 22:13:57 +0000: Memory Usage (4795784K) : Executing rule PL.4_5V
2022-12-03 22:14:03 +0000: Memory Usage (4795784K) : Executing rule PL.5a_3.3V
2022-12-03 22:14:09 +0000: Memory Usage (4795784K) : Executing rule PL.5a_5V
2022-12-03 22:14:14 +0000: Memory Usage (4795784K) : Executing rule PL.5b_3.3V
2022-12-03 22:14:20 +0000: Memory Usage (4795784K) : Executing rule PL.5b_5V
2022-12-03 22:15:19 +0000: Memory Usage (5123468K) : Executing rule PL.6
2022-12-03 22:16:34 +0000: Memory Usage (4795784K) : Executing rule PL.7_3.3V
2022-12-03 22:16:34 +0000: Memory Usage (4795784K) : Executing rule PL.7_5V
2022-12-03 22:16:34 +0000: Memory Usage (4795784K) : Executing rule PL.9
2022-12-03 22:16:41 +0000: Memory Usage (4795784K) : Executing rule PL.11
2022-12-03 22:16:41 +0000: Memory Usage (4795784K) : Executing rule PL.12
2022-12-03 22:17:14 +0000: Memory Usage (4795784K) : Executing rule NP.1
2022-12-03 22:17:14 +0000: Memory Usage (4795784K) : Executing rule NP.2
2022-12-03 22:17:14 +0000: Memory Usage (4795784K) : Executing rule NP.3a
2022-12-03 22:17:28 +0000: Memory Usage (4795784K) : Executing rule NP.3bi
2022-12-03 22:17:28 +0000: Memory Usage (4795784K) : Executing rule NP.3bii
2022-12-03 22:17:32 +0000: Memory Usage (4795784K) : Executing rule NP.3ci
2022-12-03 22:17:40 +0000: Memory Usage (4795784K) : Executing rule NP.3cii
2022-12-03 22:17:41 +0000: Memory Usage (4795784K) : Executing rule NP.3d
2022-12-03 22:17:43 +0000: Memory Usage (4795784K) : Executing rule NP.3e
2022-12-03 22:17:46 +0000: Memory Usage (4795784K) : Executing rule NP.4a
2022-12-03 22:18:25 +0000: Memory Usage (4795784K) : Executing rule NP.4b
2022-12-03 22:18:27 +0000: Memory Usage (4795784K) : Executing rule NP.5a
2022-12-03 22:18:59 +0000: Memory Usage (4795784K) : Executing rule NP.5b
2022-12-03 22:19:16 +0000: Memory Usage (4795784K) : Executing rule NP.5ci
2022-12-03 22:19:22 +0000: Memory Usage (4795784K) : Executing rule NP.5cii
2022-12-03 22:19:24 +0000: Memory Usage (4795784K) : Executing rule NP.5di
2022-12-03 22:19:27 +0000: Memory Usage (4795784K) : Executing rule NP.5dii
2022-12-03 22:19:27 +0000: Memory Usage (4795784K) : Executing rule NP.6
2022-12-03 22:20:40 +0000: Memory Usage (4795784K) : Executing rule NP.7
2022-12-03 22:20:40 +0000: Memory Usage (4795784K) : Executing rule NP.8a
2022-12-03 22:20:40 +0000: Memory Usage (4795784K) : Executing rule NP.8b
2022-12-03 22:20:40 +0000: Memory Usage (4795784K) : Executing rule NP.9
2022-12-03 22:20:40 +0000: Memory Usage (4795784K) : Executing rule NP.10
2022-12-03 22:20:46 +0000: Memory Usage (4795784K) : Executing rule NP.11
2022-12-03 22:20:46 +0000: Memory Usage (4795784K) : Executing rule NP.12
2022-12-03 22:20:57 +0000: Memory Usage (4795784K) : Executing rule PP.1
2022-12-03 22:20:57 +0000: Memory Usage (4795784K) : Executing rule PP.2
2022-12-03 22:20:57 +0000: Memory Usage (4795784K) : Executing rule PP.3a
2022-12-03 22:21:14 +0000: Memory Usage (4795784K) : Executing rule PP.3bi
2022-12-03 22:21:14 +0000: Memory Usage (4795784K) : Executing rule PP.3bii
2022-12-03 22:21:17 +0000: Memory Usage (4795784K) : Executing rule PP.3ci
2022-12-03 22:21:21 +0000: Memory Usage (4795784K) : Executing rule PP.3cii
2022-12-03 22:21:21 +0000: Memory Usage (4795784K) : Executing rule PP.3d
2022-12-03 22:21:22 +0000: Memory Usage (4795784K) : Executing rule PP.3e
2022-12-03 22:21:22 +0000: Memory Usage (4795784K) : Executing rule PP.4a
2022-12-03 22:22:02 +0000: Memory Usage (4795784K) : Executing rule PP.4b
2022-12-03 22:22:04 +0000: Memory Usage (4795784K) : Executing rule PP.5a
2022-12-03 22:22:25 +0000: Memory Usage (4795784K) : Executing rule PP.5b
2022-12-03 22:22:36 +0000: Memory Usage (4795784K) : Executing rule PP.5ci
2022-12-03 22:22:37 +0000: Memory Usage (4795784K) : Executing rule PP.5cii
2022-12-03 22:22:43 +0000: Memory Usage (4795784K) : Executing rule PP.5di
2022-12-03 22:22:49 +0000: Memory Usage (4795784K) : Executing rule PP.5dii
2022-12-03 22:22:54 +0000: Memory Usage (4795784K) : Executing rule PP.6
2022-12-03 22:23:13 +0000: Memory Usage (4795784K) : Executing rule PP.7
2022-12-03 22:23:13 +0000: Memory Usage (4795784K) : Executing rule PP.8a
2022-12-03 22:23:13 +0000: Memory Usage (4795784K) : Executing rule PP.8b
2022-12-03 22:23:13 +0000: Memory Usage (4795784K) : Executing rule PP.9
2022-12-03 22:23:13 +0000: Memory Usage (4795784K) : Executing rule PP.10
2022-12-03 22:23:19 +0000: Memory Usage (4795784K) : Executing rule PP.11
2022-12-03 22:23:19 +0000: Memory Usage (4795784K) : Executing rule PP.12
2022-12-03 22:23:30 +0000: Memory Usage (4795784K) : Executing rule SB.1
2022-12-03 22:23:30 +0000: Memory Usage (4795784K) : Executing rule SB.2
2022-12-03 22:23:30 +0000: Memory Usage (4795784K) : Executing rule SB.3
2022-12-03 22:23:30 +0000: Memory Usage (4795784K) : Executing rule SB.4
2022-12-03 22:23:30 +0000: Memory Usage (4795784K) : Executing rule SB.5a
2022-12-03 22:23:59 +0000: Memory Usage (4959628K) : Executing rule SB.5b
2022-12-03 22:23:59 +0000: Memory Usage (4959628K) : Executing rule SB.6
2022-12-03 22:23:59 +0000: Memory Usage (4959628K) : Executing rule SB.7
2022-12-03 22:23:59 +0000: Memory Usage (4959628K) : Executing rule SB.8
2022-12-03 22:23:59 +0000: Memory Usage (4959628K) : Executing rule SB.9
2022-12-03 22:23:59 +0000: Memory Usage (4959628K) : Executing rule SB.10
2022-12-03 22:23:59 +0000: Memory Usage (4959628K) : Executing rule SB.11
2022-12-03 22:23:59 +0000: Memory Usage (4959628K) : Executing rule SB.12
2022-12-03 22:23:59 +0000: Memory Usage (4959628K) : Executing rule SB.13
2022-12-03 22:23:59 +0000: Memory Usage (4959628K) : Executing rule SB.14a
2022-12-03 22:24:11 +0000: Memory Usage (4795784K) : Executing rule SB.14b
2022-12-03 22:24:17 +0000: Memory Usage (4795784K) : Executing rule SB.15a
2022-12-03 22:25:23 +0000: Memory Usage (4795784K) : Executing rule SB.15b
2022-12-03 22:25:23 +0000: Memory Usage (4795784K) : Executing rule SB.16
2022-12-03 22:25:32 +0000: Memory Usage (4795784K) : Executing rule ESD.1
2022-12-03 22:25:32 +0000: Memory Usage (4795784K) : Executing rule ESD.2
2022-12-03 22:25:32 +0000: Memory Usage (4795784K) : Executing rule ESD.3a
2022-12-03 22:25:32 +0000: Memory Usage (4795784K) : Executing rule ESD.3b
2022-12-03 22:25:32 +0000: Memory Usage (4795784K) : Executing rule ESD.4a
2022-12-03 22:25:32 +0000: Memory Usage (4795784K) : Executing rule ESD.4b
2022-12-03 22:25:32 +0000: Memory Usage (4795784K) : Executing rule ESD.5a
2022-12-03 22:25:32 +0000: Memory Usage (4795784K) : Executing rule ESD.5b
2022-12-03 22:25:32 +0000: Memory Usage (4795784K) : Executing rule ESD.6
2022-12-03 22:25:55 +0000: Memory Usage (4795784K) : Executing rule ESD.7
2022-12-03 22:25:55 +0000: Memory Usage (4795784K) : Executing rule ESD.8
2022-12-03 22:25:55 +0000: Memory Usage (4795784K) : Executing rule ESD.pl
2022-12-03 22:25:56 +0000: Memory Usage (4795784K) : Executing rule ESD.9
2022-12-03 22:25:56 +0000: Memory Usage (4795784K) : Executing rule ESD.10
2022-12-03 22:25:56 +0000: Memory Usage (4795784K) : Executing rule CO.1
2022-12-03 22:26:24 +0000: Memory Usage (4795784K) : Executing rule CO.2a
2022-12-03 22:28:08 +0000: Memory Usage (4795784K) : Executing rule CO.2b
2022-12-03 22:28:08 +0000: Memory Usage (4795784K) : Executing rule CO.3
2022-12-03 22:29:01 +0000: Memory Usage (4874720K) : Executing rule CO.4
2022-12-03 22:30:22 +0000: Memory Usage (4915220K) : Executing rule CO.5a
2022-12-03 22:30:31 +0000: Memory Usage (4795784K) : Executing rule CO.5b
2022-12-03 22:30:31 +0000: Memory Usage (4795784K) : Executing rule CO.6
2022-12-03 22:50:14 +0000: Memory Usage (5195840K) : Executing rule CO.6a
2022-12-03 23:22:33 +0000: Memory Usage (6820056K) : Executing rule CO.6b
2022-12-03 23:23:09 +0000: Memory Usage (5247180K) : Executing rule CO.7
2022-12-03 23:23:52 +0000: Memory Usage (5390664K) : Executing rule CO.8
2022-12-03 23:24:24 +0000: Memory Usage (5390664K) : Executing rule CO.9
2022-12-03 23:24:29 +0000: Memory Usage (5244052K) : Executing rule CO.10
2022-12-03 23:24:31 +0000: Memory Usage (5244052K) : Executing rule CO.11
2022-12-03 23:25:44 +0000: Memory Usage (5828180K) : Executing rule MC.1
2022-12-03 23:25:44 +0000: Memory Usage (5828180K) : Executing rule MC.2
2022-12-03 23:25:44 +0000: Memory Usage (5828180K) : Executing rule MC.3
2022-12-03 23:25:44 +0000: Memory Usage (5828180K) : Executing rule MC.4
2022-12-03 23:25:49 +0000: Memory Usage (5828180K) : Executing rule PRES.1
2022-12-03 23:25:49 +0000: Memory Usage (5828180K) : Executing rule PRES.2
2022-12-03 23:25:50 +0000: Memory Usage (5828180K) : Executing rule PRES.3
2022-12-03 23:25:50 +0000: Memory Usage (5828180K) : Executing rule PRES.4
2022-12-03 23:25:50 +0000: Memory Usage (5828180K) : Executing rule PRES.5
2022-12-03 23:25:50 +0000: Memory Usage (5828180K) : Executing rule PRES.6
2022-12-03 23:25:50 +0000: Memory Usage (5828180K) : Executing rule PRES.7
2022-12-03 23:25:55 +0000: Memory Usage (5746256K) : Executing rule PRES.9a
2022-12-03 23:25:55 +0000: Memory Usage (5746256K) : Executing rule PRES.9b
2022-12-03 23:26:01 +0000: Memory Usage (5746256K) : Executing rule LRES.1
2022-12-03 23:26:01 +0000: Memory Usage (5746256K) : Executing rule LRES.2
2022-12-03 23:26:01 +0000: Memory Usage (5746256K) : Executing rule LRES.3
2022-12-03 23:26:01 +0000: Memory Usage (5746256K) : Executing rule LRES.4
2022-12-03 23:26:01 +0000: Memory Usage (5746256K) : Executing rule LRES.5
2022-12-03 23:26:12 +0000: Memory Usage (5746256K) : Executing rule LRES.6
2022-12-03 23:26:18 +0000: Memory Usage (5746256K) : Executing rule LRES.7
2022-12-03 23:26:24 +0000: Memory Usage (5746256K) : Executing rule LRES.9a
2022-12-03 23:26:24 +0000: Memory Usage (5746256K) : Executing rule LRES.9b
2022-12-03 23:27:01 +0000: Memory Usage (5746256K) : Executing rule HRES.1
2022-12-03 23:27:01 +0000: Memory Usage (5746256K) : Executing rule HRES.2
2022-12-03 23:27:01 +0000: Memory Usage (5746256K) : Executing rule HRES.3
2022-12-03 23:27:01 +0000: Memory Usage (5746256K) : Executing rule HRES.4
2022-12-03 23:27:01 +0000: Memory Usage (5746256K) : Executing rule HRES.5
2022-12-03 23:27:01 +0000: Memory Usage (5746256K) : Executing rule HRES.6
2022-12-03 23:27:19 +0000: Memory Usage (5746256K) : Executing rule HRES.7
2022-12-03 23:27:19 +0000: Memory Usage (5746256K) : Executing rule HRES.8
2022-12-03 23:27:19 +0000: Memory Usage (5746256K) : Executing rule HRES.9
2022-12-03 23:27:19 +0000: Memory Usage (5746256K) : Executing rule HRES.10
2022-12-03 23:27:25 +0000: Memory Usage (5746256K) : Executing rule HRES.12a
2022-12-03 23:27:25 +0000: Memory Usage (5746256K) : Executing rule HRES.12b
2022-12-03 23:27:25 +0000: Memory Usage (5746256K) : MIM Capacitor Option B section
2022-12-03 23:27:25 +0000: Memory Usage (5746256K) : Executing rule MIMTM.1
2022-12-03 23:27:25 +0000: Memory Usage (5746256K) : Executing rule MIMTM.2
2022-12-03 23:27:25 +0000: Memory Usage (5746256K) : Executing rule MIMTM.3
2022-12-03 23:27:25 +0000: Memory Usage (5746256K) : Executing rule MIMTM.4
2022-12-03 23:27:25 +0000: Memory Usage (5746256K) : Executing rule MIMTM.5
2022-12-03 23:27:25 +0000: Memory Usage (5746256K) : Executing rule MIMTM.6
2022-12-03 23:27:25 +0000: Memory Usage (5746256K) : Executing rule MIMTM.7
2022-12-03 23:27:25 +0000: Memory Usage (5746256K) : Executing rule MIMTM.8a
2022-12-03 23:27:25 +0000: Memory Usage (5746256K) : Executing rule MIMTM.8b
2022-12-03 23:27:25 +0000: Memory Usage (5746256K) : Executing rule MIMTM.9
2022-12-03 23:27:25 +0000: Memory Usage (5746256K) : Executing rule MIMTM.10
2022-12-03 23:27:25 +0000: Memory Usage (5746256K) : Executing rule MIMTM.11
2022-12-03 23:27:25 +0000: Memory Usage (5746256K) : Executing rule NAT.1
2022-12-03 23:27:29 +0000: Memory Usage (5746256K) : Executing rule NAT.2
2022-12-03 23:27:29 +0000: Memory Usage (5746256K) : Executing rule NAT.3
2022-12-03 23:27:29 +0000: Memory Usage (5746256K) : Executing rule NAT.4
2022-12-03 23:27:43 +0000: Memory Usage (5746256K) : Executing rule NAT.5
2022-12-03 23:27:56 +0000: Memory Usage (5746256K) : CONNECTIVITY_RULES section
2022-12-03 23:27:56 +0000: Memory Usage (5746256K) : Executing rule NAT.6
2022-12-03 23:27:56 +0000: Memory Usage (5746256K) : Executing rule NAT.7
2022-12-03 23:27:56 +0000: Memory Usage (5746256K) : Executing rule NAT.8
2022-12-03 23:27:56 +0000: Memory Usage (5746256K) : Executing rule NAT.9
2022-12-03 23:27:56 +0000: Memory Usage (5746256K) : Executing rule NAT.10
2022-12-03 23:27:56 +0000: Memory Usage (5746256K) : Executing rule NAT.11
2022-12-03 23:27:56 +0000: Memory Usage (5746256K) : Executing rule NAT.12
2022-12-03 23:27:57 +0000: Memory Usage (5746256K) : Executing rule BJT.1
2022-12-03 23:27:57 +0000: Memory Usage (5746256K) : Executing rule BJT.2
2022-12-03 23:28:08 +0000: Memory Usage (5746256K) : Executing rule BJT.3
2022-12-03 23:28:08 +0000: Memory Usage (5746256K) : Executing rule DE.2
2022-12-03 23:28:08 +0000: Memory Usage (5746256K) : Executing rule DE.3
2022-12-03 23:28:08 +0000: Memory Usage (5746256K) : Executing rule DE.4
2022-12-03 23:28:15 +0000: Memory Usage (5746256K) : Executing rule LVS_BJT.1
2022-12-03 23:28:15 +0000: Memory Usage (5746256K) : Executing rule O.DF.3a
2022-12-03 23:28:15 +0000: Memory Usage (5746256K) : Executing rule O.DF.6
2022-12-03 23:28:15 +0000: Memory Usage (5746256K) : Executing rule O.DF.9
2022-12-03 23:28:15 +0000: Memory Usage (5746256K) : Executing rule O.PL.2
2022-12-03 23:28:34 +0000: Memory Usage (5746256K) : Executing rule O.PL.3a
2022-12-03 23:29:04 +0000: Memory Usage (5746256K) : Executing rule O.PL.4
2022-12-03 23:29:04 +0000: Memory Usage (5746256K) : Executing rule O.SB.2
2022-12-03 23:29:04 +0000: Memory Usage (5746256K) : Executing rule O.SB.3
2022-12-03 23:29:04 +0000: Memory Usage (5746256K) : Executing rule O.SB.4
2022-12-03 23:29:04 +0000: Memory Usage (5746256K) : Executing rule O.SB.5b_3.3V
2022-12-03 23:29:04 +0000: Memory Usage (5746256K) : Executing rule O.SB.9
2022-12-03 23:29:04 +0000: Memory Usage (5746256K) : Executing rule O.SB.11
2022-12-03 23:29:04 +0000: Memory Usage (5746256K) : Executing rule O.SB.13_3.3V
2022-12-03 23:29:04 +0000: Memory Usage (5746256K) : Executing rule O.SB.13_5V
2022-12-03 23:29:04 +0000: Memory Usage (5746256K) : Executing rule O.CO.7
2022-12-03 23:29:42 +0000: Memory Usage (5766188K) : Executing rule O.PL.ORT
2022-12-03 23:30:37 +0000: Memory Usage (5766188K) : Executing rule EF.01
2022-12-03 23:30:37 +0000: Memory Usage (5766188K) : Executing rule EF.02
2022-12-03 23:30:37 +0000: Memory Usage (5766188K) : Executing rule EF.03
2022-12-03 23:30:42 +0000: Memory Usage (5766188K) : Executing rule EF.04a
2022-12-03 23:30:42 +0000: Memory Usage (5766188K) : Executing rule EF.04b
2022-12-03 23:30:42 +0000: Memory Usage (5766188K) : Executing rule EF.04c
2022-12-03 23:30:42 +0000: Memory Usage (5766188K) : Executing rule EF.04d
2022-12-03 23:30:42 +0000: Memory Usage (5766188K) : Executing rule EF.05
2022-12-03 23:30:43 +0000: Memory Usage (5766188K) : Executing rule EF.06
2022-12-03 23:30:43 +0000: Memory Usage (5766188K) : Executing rule EF.07
2022-12-03 23:30:43 +0000: Memory Usage (5766188K) : Executing rule EF.08
2022-12-03 23:30:43 +0000: Memory Usage (5766188K) : Executing rule EF.09
2022-12-03 23:30:43 +0000: Memory Usage (5766188K) : Executing rule EF.10
2022-12-03 23:30:43 +0000: Memory Usage (5766188K) : Executing rule EF.11
2022-12-03 23:30:43 +0000: Memory Usage (5766188K) : Executing rule EF.12
2022-12-03 23:30:43 +0000: Memory Usage (5766188K) : Executing rule EF.13
2022-12-03 23:30:43 +0000: Memory Usage (5766188K) : Executing rule EF.14
2022-12-03 23:30:43 +0000: Memory Usage (5766188K) : Executing rule EF.15
2022-12-03 23:30:43 +0000: Memory Usage (5766188K) : Executing rule EF.16a
2022-12-03 23:30:43 +0000: Memory Usage (5766188K) : Executing rule EF.16b
2022-12-03 23:30:43 +0000: Memory Usage (5766188K) : Executing rule EF.17
2022-12-03 23:30:43 +0000: Memory Usage (5766188K) : Executing rule EF.18
2022-12-03 23:52:48 +0000: Memory Usage (6613496K) : Executing rule EF.19
2022-12-04 00:04:28 +0000: Memory Usage (5746320K) : Executing rule EF.20
2022-12-04 00:04:33 +0000: Memory Usage (5746320K) : Executing rule EF.21
2022-12-04 00:04:33 +0000: Memory Usage (5746320K) : Executing rule EF.22a
2022-12-04 00:04:33 +0000: Memory Usage (5746320K) : Executing rule EF.22b
2022-12-04 00:04:33 +0000: Memory Usage (5746320K) : Executing rule MDN.1
2022-12-04 00:04:33 +0000: Memory Usage (5746320K) : CONNECTIVITY_RULES section
2022-12-04 00:04:33 +0000: Memory Usage (5746320K) : Executing rule MDN.2a
2022-12-04 00:04:33 +0000: Memory Usage (5746320K) : Executing rule MDN.2b
2022-12-04 00:04:46 +0000: Memory Usage (5746320K) : Executing rule MDN.3a
2022-12-04 00:04:46 +0000: Memory Usage (5746320K) : Executing rule MDN.3b
2022-12-04 00:04:46 +0000: Memory Usage (5746320K) : Executing rule MDN.4a
2022-12-04 00:04:46 +0000: Memory Usage (5746320K) : Executing rule MDN.4b
2022-12-04 00:04:49 +0000: Memory Usage (5746320K) : Executing rule MDN.5ai
2022-12-04 00:04:49 +0000: Memory Usage (5746320K) : Executing rule MDN.5aii
2022-12-04 00:04:49 +0000: Memory Usage (5746320K) : Executing rule MDN.5b
2022-12-04 00:04:50 +0000: Memory Usage (5746320K) : Executing rule MDN.5c
2022-12-04 00:04:50 +0000: Memory Usage (5746320K) : Executing rule MDN.6
2022-12-04 00:05:05 +0000: Memory Usage (5746320K) : Executing rule MDN.6a
2022-12-04 00:05:05 +0000: Memory Usage (5746320K) : Executing rule MDN.7
2022-12-04 00:05:05 +0000: Memory Usage (5746320K) : Executing rule MDN.7a
2022-12-04 00:05:05 +0000: Memory Usage (5746320K) : CONNECTIVITY_RULES section
2022-12-04 00:05:05 +0000: Memory Usage (5746320K) : Executing rule MDN.8a
2022-12-04 00:05:05 +0000: Memory Usage (5746320K) : Executing rule MDN.8b
2022-12-04 00:05:05 +0000: Memory Usage (5746320K) : Executing rule MDN.9
2022-12-04 00:05:26 +0000: Memory Usage (5746320K) : Executing rule MDN.10a
2022-12-04 00:05:26 +0000: Memory Usage (5746320K) : Executing rule MDN.10b
2022-12-04 00:05:40 +0000: Memory Usage (5746320K) : Executing rule MDN.10c
2022-12-04 00:06:18 +0000: Memory Usage (5746320K) : Executing rule MDN.10d
2022-12-04 00:06:18 +0000: Memory Usage (5746320K) : Executing rule MDN.10ei
2022-12-04 00:06:29 +0000: Memory Usage (5746320K) : Executing rule MDN.10eii
2022-12-04 00:06:36 +0000: Memory Usage (5746320K) : Executing rule MDN.10f
2022-12-04 00:06:46 +0000: Memory Usage (5746320K) : Executing rule MDN.11
2022-12-04 00:07:06 +0000: Memory Usage (5746320K) : Executing rule MDN.12
2022-12-04 00:07:06 +0000: Memory Usage (5746320K) : Executing rule MDN.13a
2022-12-04 00:07:34 +0000: Memory Usage (5746320K) : Executing rule MDN.13b
2022-12-04 00:07:34 +0000: Memory Usage (5746320K) : Executing rule MDN.13c
2022-12-04 00:08:05 +0000: Memory Usage (5746320K) : Executing rule MDN.13d
2022-12-04 00:08:05 +0000: Memory Usage (5746320K) : Executing rule MDN.14
2022-12-04 00:08:05 +0000: Memory Usage (5746320K) : Executing rule MDN.15a
2022-12-04 00:08:05 +0000: Memory Usage (5746320K) : Executing rule MDN.15b
2022-12-04 00:08:25 +0000: Memory Usage (5746320K) : Executing rule MDN.17
2022-12-04 00:08:35 +0000: Memory Usage (5746320K) : Executing rule MDP.1
2022-12-04 00:08:48 +0000: Memory Usage (5746320K) : Executing rule MDP.1a
2022-12-04 00:34:25 +0000: Memory Usage (9940628K) : Executing rule MDP.2
2022-12-04 00:34:38 +0000: Memory Usage (5746320K) : Executing rule MDP.3
2022-12-04 00:34:41 +0000: Memory Usage (5746320K) : Executing rule MDP.3ai
2022-12-04 00:34:41 +0000: Memory Usage (5746320K) : Executing rule MDP.3aii
2022-12-04 00:34:41 +0000: Memory Usage (5746320K) : Executing rule MDP.3b
2022-12-04 00:34:41 +0000: Memory Usage (5746320K) : Executing rule MDP.3c
2022-12-04 00:34:41 +0000: Memory Usage (5746320K) : Executing rule MDP.3d
2022-12-04 00:34:41 +0000: Memory Usage (5746320K) : Executing rule MDP.4
2022-12-04 00:37:16 +0000: Memory Usage (5746320K) : Executing rule MDP.4a
2022-12-04 00:37:16 +0000: Memory Usage (5746320K) : Executing rule MDP.4b
2022-12-04 00:37:16 +0000: Memory Usage (5746320K) : Executing rule MDP.5
2022-12-04 00:37:31 +0000: Memory Usage (5746320K) : Executing rule MDP.5a
2022-12-04 00:37:31 +0000: Memory Usage (5746320K) : Executing rule MDP.6
2022-12-04 00:37:31 +0000: Memory Usage (5746320K) : Executing rule MDP.6a
2022-12-04 00:37:31 +0000: Memory Usage (5746320K) : Executing rule MDP.7
2022-12-04 00:37:31 +0000: Memory Usage (5746320K) : Executing rule MDP.8
2022-12-04 00:37:31 +0000: Memory Usage (5746320K) : Executing rule MDP.9a
2022-12-04 00:37:32 +0000: Memory Usage (5746320K) : Executing rule MDP.9b
2022-12-04 00:37:32 +0000: Memory Usage (5746320K) : Executing rule MDP.9c
2022-12-04 00:37:40 +0000: Memory Usage (5746320K) : Executing rule MDP.9d
2022-12-04 00:39:12 +0000: Memory Usage (5746320K) : Executing rule MDP.9ei
2022-12-04 00:39:45 +0000: Memory Usage (5746320K) : Executing rule MDP.9eii
2022-12-04 00:39:45 +0000: Memory Usage (5746320K) : Executing rule MDP.9f
2022-12-04 00:40:18 +0000: Memory Usage (5746320K) : Executing rule MDP.10
2022-12-04 00:40:18 +0000: Memory Usage (5746320K) : CONNECTIVITY_RULES section
2022-12-04 00:40:18 +0000: Memory Usage (5746320K) : Executing rule MDP.10a
2022-12-04 00:40:18 +0000: Memory Usage (5746320K) : Executing rule MDP.10b
2022-12-04 00:40:18 +0000: Memory Usage (5746320K) : Executing rule MDP.11
2022-12-04 00:40:18 +0000: Memory Usage (5746320K) : Executing rule MDP.12
2022-12-04 00:40:35 +0000: Memory Usage (5746320K) : Executing rule MDP.13a
2022-12-04 00:40:52 +0000: Memory Usage (5746320K) : Executing rule MDP.13b
2022-12-04 00:40:52 +0000: Memory Usage (5746320K) : Executing rule MDP.13c
2022-12-04 00:41:02 +0000: Memory Usage (5746320K) : Executing rule MDP.15
2022-12-04 00:41:02 +0000: Memory Usage (5746320K) : Executing rule MDP.16a
2022-12-04 00:41:02 +0000: Memory Usage (5746320K) : Executing rule MDP.16b
2022-12-04 00:41:06 +0000: Memory Usage (5746320K) : Executing rule MDP.17a
2022-12-04 00:41:06 +0000: Memory Usage (5746320K) : Executing rule MDP.17c
2022-12-04 00:41:06 +0000: Memory Usage (5746320K) : Executing rule Y.NW.2b_3.3V
2022-12-04 00:41:06 +0000: Memory Usage (5746320K) : Executing rule Y.NW.2b_5V
2022-12-04 00:41:06 +0000: Memory Usage (5746320K) : Executing rule Y.DF.6_5V
2022-12-04 00:41:06 +0000: Memory Usage (5746320K) : Executing rule Y.DF.16_3.3V
2022-12-04 00:41:10 +0000: Memory Usage (5746320K) : Executing rule Y.DF.16_5V
2022-12-04 00:41:14 +0000: Memory Usage (5746320K) : Executing rule Y.PL.1_3.3V
2022-12-04 00:41:14 +0000: Memory Usage (5746320K) : Executing rule Y.PL.1_5V
2022-12-04 00:41:14 +0000: Memory Usage (5746320K) : Executing rule Y.PL.2_3.3V
2022-12-04 00:41:35 +0000: Memory Usage (5746320K) : Executing rule Y.PL.2_5V
2022-12-04 00:41:55 +0000: Memory Usage (5746320K) : Executing rule Y.PL.4_5V
2022-12-04 00:41:55 +0000: Memory Usage (5746320K) : Executing rule Y.PL.5a_3.3V
2022-12-04 00:41:55 +0000: Memory Usage (5746320K) : Executing rule Y.PL.5a_5V
2022-12-04 00:41:55 +0000: Memory Usage (5746320K) : Executing rule Y.PL.5b_3.3V
2022-12-04 00:41:55 +0000: Memory Usage (5746320K) : Executing rule Y.PL.5b_5V
2022-12-04 00:41:55 +0000: Memory Usage (5746320K) : Executing rule S.DF.4c_MV
2022-12-04 00:41:55 +0000: Memory Usage (5746320K) : Executing rule S.DF.6_MV
2022-12-04 00:41:55 +0000: Memory Usage (5746320K) : Executing rule S.DF.7_MV
2022-12-04 00:41:55 +0000: Memory Usage (5746320K) : Executing rule S.DF.8_MV
2022-12-04 00:41:55 +0000: Memory Usage (5746320K) : Executing rule S.DF.16_MV
2022-12-04 00:41:59 +0000: Memory Usage (5746320K) : Executing rule S.PL.5a_MV
2022-12-04 00:41:59 +0000: Memory Usage (5746320K) : Executing rule S.PL.5b_MV
2022-12-04 00:41:59 +0000: Memory Usage (5746320K) : Executing rule S.CO.4_MV
2022-12-04 00:41:59 +0000: Memory Usage (5746320K) : Executing rule S.DF.4c_LV
2022-12-04 00:41:59 +0000: Memory Usage (5746320K) : Executing rule S.DF.16_LV
2022-12-04 00:42:02 +0000: Memory Usage (5746320K) : Executing rule S.CO.3_LV
2022-12-04 00:42:02 +0000: Memory Usage (5746320K) : Executing rule S.CO.4_LV
2022-12-04 00:42:02 +0000: Memory Usage (5746320K) : Executing rule S.CO.6_ii_LV
2022-12-04 00:42:02 +0000: Memory Usage (5746320K) : Executing rule S.M1.1_LV
2022-12-04 00:42:02 +0000: Memory Usage (5746320K) : OFFGRID-ANGLES section
2022-12-04 00:42:02 +0000: Memory Usage (5746320K) : Executing rule comp_OFFGRID
2022-12-04 00:42:03 +0000: Memory Usage (5746320K) : Executing rule dnwell_OFFGRID
2022-12-04 00:42:03 +0000: Memory Usage (5746320K) : Executing rule nwell_OFFGRID
2022-12-04 00:42:03 +0000: Memory Usage (5746320K) : Executing rule lvpwell_OFFGRID
2022-12-04 00:42:03 +0000: Memory Usage (5746320K) : Executing rule dualgate_OFFGRID
2022-12-04 00:42:03 +0000: Memory Usage (5746320K) : Executing rule poly2_OFFGRID
2022-12-04 00:42:03 +0000: Memory Usage (5746320K) : Executing rule nplus_OFFGRID
2022-12-04 00:42:03 +0000: Memory Usage (5746320K) : Executing rule pplus_OFFGRID
2022-12-04 00:42:03 +0000: Memory Usage (5746320K) : Executing rule sab_OFFGRID
2022-12-04 00:42:03 +0000: Memory Usage (5746320K) : Executing rule esd_OFFGRID
2022-12-04 00:42:03 +0000: Memory Usage (5746320K) : Executing rule contact_OFFGRID
2022-12-04 00:42:05 +0000: Memory Usage (5746320K) : Executing rule metal1_OFFGRID
2022-12-04 00:42:06 +0000: Memory Usage (5746320K) : Executing rule via1_OFFGRID
2022-12-04 00:42:06 +0000: Memory Usage (5746320K) : Executing rule metal2_OFFGRID
2022-12-04 00:42:06 +0000: Memory Usage (5746320K) : Executing rule via2_OFFGRID
2022-12-04 00:42:06 +0000: Memory Usage (5746320K) : Executing rule metal3_OFFGRID
2022-12-04 00:42:06 +0000: Memory Usage (5746320K) : Executing rule via3_OFFGRID
2022-12-04 00:42:06 +0000: Memory Usage (5746320K) : Executing rule metal4_OFFGRID
2022-12-04 00:42:06 +0000: Memory Usage (5746320K) : Executing rule via4_OFFGRID
2022-12-04 00:42:06 +0000: Memory Usage (5746320K) : Executing rule metal5_OFFGRID
2022-12-04 00:42:06 +0000: Memory Usage (5746320K) : Executing rule via5_OFFGRID
2022-12-04 00:42:06 +0000: Memory Usage (5746320K) : Executing rule metaltop_OFFGRID
2022-12-04 00:42:06 +0000: Memory Usage (5746320K) : Executing rule pad_OFFGRID
2022-12-04 00:42:06 +0000: Memory Usage (5746320K) : Executing rule resistor_OFFGRID
2022-12-04 00:42:06 +0000: Memory Usage (5746320K) : Executing rule fhres_OFFGRID
2022-12-04 00:42:06 +0000: Memory Usage (5746320K) : Executing rule fusetop_OFFGRID
2022-12-04 00:42:06 +0000: Memory Usage (5746320K) : Executing rule fusewindow_d_OFFGRID
2022-12-04 00:42:06 +0000: Memory Usage (5746320K) : Executing rule polyfuse_OFFGRID
2022-12-04 00:42:06 +0000: Memory Usage (5746320K) : Executing rule mvsd_OFFGRID
2022-12-04 00:42:06 +0000: Memory Usage (5746320K) : Executing rule mvpsd_OFFGRID
2022-12-04 00:42:06 +0000: Memory Usage (5746320K) : Executing rule nat_OFFGRID
2022-12-04 00:42:06 +0000: Memory Usage (5746320K) : Executing rule comp_dummy_OFFGRID
2022-12-04 00:42:06 +0000: Memory Usage (5746320K) : Executing rule poly2_dummy_OFFGRID
2022-12-04 00:42:06 +0000: Memory Usage (5746320K) : Executing rule metal1_dummy_OFFGRID
2022-12-04 00:42:06 +0000: Memory Usage (5746320K) : Executing rule metal2_dummy_OFFGRID
2022-12-04 00:42:06 +0000: Memory Usage (5746320K) : Executing rule metal3_dummy_OFFGRID
2022-12-04 00:42:06 +0000: Memory Usage (5746320K) : Executing rule metal4_dummy_OFFGRID
2022-12-04 00:42:06 +0000: Memory Usage (5746320K) : Executing rule metal5_dummy_OFFGRID
2022-12-04 00:42:06 +0000: Memory Usage (5746320K) : Executing rule metaltop_dummy_OFFGRID
2022-12-04 00:42:06 +0000: Memory Usage (5746320K) : Executing rule comp_label_OFFGRID
2022-12-04 00:42:06 +0000: Memory Usage (5746320K) : Executing rule poly2_label_OFFGRID
2022-12-04 00:42:06 +0000: Memory Usage (5746320K) : Executing rule metal1_label_OFFGRID
2022-12-04 00:42:06 +0000: Memory Usage (5746320K) : Executing rule metal2_label_OFFGRID
2022-12-04 00:42:06 +0000: Memory Usage (5746320K) : Executing rule metal3_label_OFFGRID
2022-12-04 00:42:06 +0000: Memory Usage (5746320K) : Executing rule metal4_label_OFFGRID
2022-12-04 00:42:06 +0000: Memory Usage (5746320K) : Executing rule metal5_label_OFFGRID
2022-12-04 00:42:06 +0000: Memory Usage (5746320K) : Executing rule metaltop_label_OFFGRID
2022-12-04 00:42:06 +0000: Memory Usage (5746320K) : Executing rule metal1_slot_OFFGRID
2022-12-04 00:42:06 +0000: Memory Usage (5746320K) : Executing rule metal2_slot_OFFGRID
2022-12-04 00:42:06 +0000: Memory Usage (5746320K) : Executing rule metal3_slot_OFFGRID
2022-12-04 00:42:06 +0000: Memory Usage (5746320K) : Executing rule metal4_slot_OFFGRID
2022-12-04 00:42:06 +0000: Memory Usage (5746320K) : Executing rule metal5_slot_OFFGRID
2022-12-04 00:42:07 +0000: Memory Usage (5746320K) : Executing rule metaltop_slot_OFFGRID
2022-12-04 00:42:07 +0000: Memory Usage (5746320K) : Executing rule ubmpperi_OFFGRID
2022-12-04 00:42:07 +0000: Memory Usage (5746320K) : Executing rule ubmparray_OFFGRID
2022-12-04 00:42:07 +0000: Memory Usage (5746320K) : Executing rule ubmeplate_OFFGRID
2022-12-04 00:42:07 +0000: Memory Usage (5746320K) : Executing rule schottky_diode_OFFGRID
2022-12-04 00:42:07 +0000: Memory Usage (5746320K) : Executing rule zener_OFFGRID
2022-12-04 00:42:07 +0000: Memory Usage (5746320K) : Executing rule res_mk_OFFGRID
2022-12-04 00:42:07 +0000: Memory Usage (5746320K) : Executing rule opc_drc_OFFGRID
2022-12-04 00:42:07 +0000: Memory Usage (5746320K) : Executing rule ndmy_OFFGRID
2022-12-04 00:42:07 +0000: Memory Usage (5746320K) : Executing rule pmndmy_OFFGRID
2022-12-04 00:42:07 +0000: Memory Usage (5746320K) : Executing rule v5_xtor_OFFGRID
2022-12-04 00:42:07 +0000: Memory Usage (5746320K) : Executing rule cap_mk_OFFGRID
2022-12-04 00:42:07 +0000: Memory Usage (5746320K) : Executing rule mos_cap_mk_OFFGRID
2022-12-04 00:42:07 +0000: Memory Usage (5746320K) : Executing rule ind_mk_OFFGRID
2022-12-04 00:42:07 +0000: Memory Usage (5746320K) : Executing rule diode_mk_OFFGRID
2022-12-04 00:42:07 +0000: Memory Usage (5746320K) : Executing rule drc_bjt_OFFGRID
2022-12-04 00:42:07 +0000: Memory Usage (5746320K) : Executing rule lvs_bjt_OFFGRID
2022-12-04 00:42:07 +0000: Memory Usage (5746320K) : Executing rule mim_l_mk_OFFGRID
2022-12-04 00:42:07 +0000: Memory Usage (5746320K) : Executing rule latchup_mk_OFFGRID
2022-12-04 00:42:07 +0000: Memory Usage (5746320K) : Executing rule guard_ring_mk_OFFGRID
2022-12-04 00:42:07 +0000: Memory Usage (5746320K) : Executing rule otp_mk_OFFGRID
2022-12-04 00:42:07 +0000: Memory Usage (5746320K) : Executing rule mtpmark_OFFGRID
2022-12-04 00:42:07 +0000: Memory Usage (5746320K) : Executing rule neo_ee_mk_OFFGRID
2022-12-04 00:42:07 +0000: Memory Usage (5746320K) : Executing rule sramcore_OFFGRID
2022-12-04 00:42:07 +0000: Memory Usage (5746320K) : Executing rule lvs_rf_OFFGRID
2022-12-04 00:42:07 +0000: Memory Usage (5746320K) : Executing rule lvs_drain_OFFGRID
2022-12-04 00:42:07 +0000: Memory Usage (5746320K) : Executing rule hvpolyrs_OFFGRID
2022-12-04 00:42:07 +0000: Memory Usage (5746320K) : Executing rule lvs_io_OFFGRID
2022-12-04 00:42:07 +0000: Memory Usage (5746320K) : Executing rule probe_mk_OFFGRID
2022-12-04 00:42:07 +0000: Memory Usage (5746320K) : Executing rule esd_mk_OFFGRID
2022-12-04 00:42:07 +0000: Memory Usage (5746320K) : Executing rule lvs_source_OFFGRID
2022-12-04 00:42:07 +0000: Memory Usage (5746320K) : Executing rule well_diode_mk_OFFGRID
2022-12-04 00:42:07 +0000: Memory Usage (5746320K) : Executing rule ldmos_xtor_OFFGRID
2022-12-04 00:42:07 +0000: Memory Usage (5746320K) : Executing rule plfuse_OFFGRID
2022-12-04 00:42:07 +0000: Memory Usage (5746320K) : Executing rule efuse_mk_OFFGRID
2022-12-04 00:42:07 +0000: Memory Usage (5746320K) : Executing rule mcell_feol_mk_OFFGRID
2022-12-04 00:42:07 +0000: Memory Usage (5746320K) : Executing rule ymtp_mk_OFFGRID
2022-12-04 00:42:07 +0000: Memory Usage (5746320K) : Executing rule dev_wf_mk_OFFGRID
2022-12-04 00:42:07 +0000: Memory Usage (5746320K) : Executing rule metal1_blk_OFFGRID
2022-12-04 00:42:07 +0000: Memory Usage (5746320K) : Executing rule metal2_blk_OFFGRID
2022-12-04 00:42:07 +0000: Memory Usage (5746320K) : Executing rule metal3_blk_OFFGRID
2022-12-04 00:42:07 +0000: Memory Usage (5746320K) : Executing rule metal4_blk_OFFGRID
2022-12-04 00:42:07 +0000: Memory Usage (5746320K) : Executing rule metal5_blk_OFFGRID
2022-12-04 00:42:07 +0000: Memory Usage (5746320K) : Executing rule metalt_blk_OFFGRID
2022-12-04 00:42:07 +0000: Memory Usage (5746320K) : Executing rule pr_bndry_OFFGRID
2022-12-04 00:42:07 +0000: Memory Usage (5746320K) : Executing rule mdiode_OFFGRID
2022-12-04 00:42:07 +0000: Memory Usage (5746320K) : Executing rule metal1_res_OFFGRID
2022-12-04 00:42:07 +0000: Memory Usage (5746320K) : Executing rule metal2_res_OFFGRID
2022-12-04 00:42:07 +0000: Memory Usage (5746320K) : Executing rule metal3_res_OFFGRID
2022-12-04 00:42:07 +0000: Memory Usage (5746320K) : Executing rule metal4_res_OFFGRID
2022-12-04 00:42:07 +0000: Memory Usage (5746320K) : Executing rule metal5_res_OFFGRID
2022-12-04 00:42:07 +0000: Memory Usage (5746320K) : Executing rule metal6_res_OFFGRID
2022-12-04 00:42:07 +0000: Memory Usage (5746320K) : Executing rule border_OFFGRID
VmPeak:	16756376 kB
VmHWM:	12949588 kB
2022-12-04 00:42:07 +0000: Memory Usage (5746320K) : DRC Total Run time 10338.963524 seconds
